<?xml version="1.0" encoding="UTF-8"?>
<testng-results ignored="0" total="25" passed="24" failed="1" skipped="0">
  <reporter-output>
  </reporter-output>
  <suite started-at="2020-08-04T06:52:39Z" name="Trello" finished-at="2020-08-04T06:55:33Z" duration-ms="173879">
    <groups>
    </groups>
    <test started-at="2020-08-04T06:52:39Z" name="Invoking Browser" finished-at="2020-08-04T06:52:50Z" duration-ms="11049">
      <class name="invoking.browser_test.OpenBrowserbyExcel_Test">
        <test-method signature="browserOpening()[pri:0, instance:invoking.browser_test.OpenBrowserbyExcel_Test@2034b64c]" started-at="2020-08-04T06:52:39Z" name="browserOpening" finished-at="2020-08-04T06:52:50Z" duration-ms="11003" status="PASS">
          <reporter-output>
          </reporter-output>
        </test-method> <!-- browserOpening -->
      </class> <!-- invoking.browser_test.OpenBrowserbyExcel_Test -->
    </test> <!-- Invoking Browser -->
    <test started-at="2020-08-04T06:52:50Z" name="Title Validation" finished-at="2020-08-04T06:52:50Z" duration-ms="117">
      <class name="title_test.TitlePage_Test">
        <test-method signature="titleValidation()[pri:0, instance:title_test.TitlePage_Test@5524cca1]" started-at="2020-08-04T06:52:50Z" name="titleValidation" finished-at="2020-08-04T06:52:50Z" duration-ms="112" status="PASS">
          <reporter-output>
          </reporter-output>
        </test-method> <!-- titleValidation -->
      </class> <!-- title_test.TitlePage_Test -->
    </test> <!-- Title Validation -->
    <test started-at="2020-08-04T06:52:50Z" name="Invalid Cred test" finished-at="2020-08-04T06:53:16Z" duration-ms="25919">
      <class name="invalidcredentials.InvalidCred_Test">
        <test-method signature="CredentialValidation_Username()[pri:0, instance:invalidcredentials.InvalidCred_Test@5386659f]" started-at="2020-08-04T06:52:50Z" name="CredentialValidation_Username" finished-at="2020-08-04T06:53:03Z" duration-ms="12562" status="PASS">
          <reporter-output>
          </reporter-output>
        </test-method> <!-- CredentialValidation_Username -->
        <test-method signature="CredentialValidation_Password()[pri:0, instance:invalidcredentials.InvalidCred_Test@5386659f]" started-at="2020-08-04T06:53:03Z" name="CredentialValidation_Password" finished-at="2020-08-04T06:53:16Z" depends-on-methods="invalidcredentials.InvalidCred_Test.CredentialValidation_Username" duration-ms="13348" status="PASS">
          <reporter-output>
          </reporter-output>
        </test-method> <!-- CredentialValidation_Password -->
      </class> <!-- invalidcredentials.InvalidCred_Test -->
    </test> <!-- Invalid Cred test -->
    <test started-at="2020-08-04T06:53:16Z" name="Loginpage Validation" finished-at="2020-08-04T06:53:44Z" duration-ms="27149">
      <class name="login_test.LoginPage_Test">
        <test-method signature="LoginpageValidation()[pri:0, instance:login_test.LoginPage_Test@31ea9581]" started-at="2020-08-04T06:53:16Z" name="LoginpageValidation" finished-at="2020-08-04T06:53:44Z" duration-ms="27146" status="PASS">
          <reporter-output>
          </reporter-output>
        </test-method> <!-- LoginpageValidation -->
      </class> <!-- login_test.LoginPage_Test -->
    </test> <!-- Loginpage Validation -->
    <test started-at="2020-08-04T06:53:44Z" name="Board Creation" finished-at="2020-08-04T06:54:03Z" duration-ms="19174">
      <class name="createboard_test.BoardCreate_Test">
        <test-method signature="BoardCreation()[pri:0, instance:createboard_test.BoardCreate_Test@4d1c005e]" started-at="2020-08-04T06:53:44Z" name="BoardCreation" finished-at="2020-08-04T06:54:03Z" duration-ms="19171" status="PASS">
          <reporter-output>
          </reporter-output>
        </test-method> <!-- BoardCreation -->
      </class> <!-- createboard_test.BoardCreate_Test -->
    </test> <!-- Board Creation -->
    <test started-at="2020-08-04T06:54:03Z" name="Validation of Board Creation" finished-at="2020-08-04T06:54:05Z" duration-ms="2370">
      <class name="createboard_test.BoardValidation_Test">
        <test-method signature="ValidationBoard()[pri:0, instance:createboard_test.BoardValidation_Test@7c37508a]" started-at="2020-08-04T06:54:03Z" name="ValidationBoard" finished-at="2020-08-04T06:54:05Z" duration-ms="2368" status="PASS">
          <reporter-output>
          </reporter-output>
        </test-method> <!-- ValidationBoard -->
      </class> <!-- createboard_test.BoardValidation_Test -->
    </test> <!-- Validation of Board Creation -->
    <test started-at="2020-08-04T06:54:05Z" name="List Creation" finished-at="2020-08-04T06:54:26Z" duration-ms="20633">
      <class name="createlist_test.ListCreation_Test">
        <test-method signature="Listing1()[pri:1, instance:createlist_test.ListCreation_Test@23e84203]" started-at="2020-08-04T06:54:05Z" name="Listing1" finished-at="2020-08-04T06:54:10Z" duration-ms="5117" status="PASS">
          <reporter-output>
          </reporter-output>
        </test-method> <!-- Listing1 -->
        <test-method signature="Listing2()[pri:2, instance:createlist_test.ListCreation_Test@23e84203]" started-at="2020-08-04T06:54:10Z" name="Listing2" finished-at="2020-08-04T06:54:13Z" duration-ms="2681" status="PASS">
          <reporter-output>
          </reporter-output>
        </test-method> <!-- Listing2 -->
        <test-method signature="Listing3()[pri:3, instance:createlist_test.ListCreation_Test@23e84203]" started-at="2020-08-04T06:54:13Z" name="Listing3" finished-at="2020-08-04T06:54:15Z" duration-ms="2534" status="PASS">
          <reporter-output>
          </reporter-output>
        </test-method> <!-- Listing3 -->
        <test-method signature="Listing4()[pri:4, instance:createlist_test.ListCreation_Test@23e84203]" started-at="2020-08-04T06:54:15Z" name="Listing4" finished-at="2020-08-04T06:54:26Z" duration-ms="10296" status="PASS">
          <reporter-output>
          </reporter-output>
        </test-method> <!-- Listing4 -->
      </class> <!-- createlist_test.ListCreation_Test -->
    </test> <!-- List Creation -->
    <test started-at="2020-08-04T06:54:26Z" name="Validation of List Creation" finished-at="2020-08-04T06:54:26Z" duration-ms="466">
      <class name="createlist_test.ListValidation_Test">
        <test-method signature="ListValidate()[pri:0, instance:createlist_test.ListValidation_Test@61c4eee0]" started-at="2020-08-04T06:54:26Z" name="ListValidate" finished-at="2020-08-04T06:54:26Z" duration-ms="464" status="PASS">
          <reporter-output>
          </reporter-output>
        </test-method> <!-- ListValidate -->
      </class> <!-- createlist_test.ListValidation_Test -->
    </test> <!-- Validation of List Creation -->
    <test started-at="2020-08-04T06:54:26Z" name="Card Creation" finished-at="2020-08-04T06:54:39Z" duration-ms="12781">
      <class name="createcard_test.CardCreation_Test">
        <test-method signature="cardCreation1()[pri:1, instance:createcard_test.CardCreation_Test@28dcca0c]" started-at="2020-08-04T06:54:26Z" name="cardCreation1" finished-at="2020-08-04T06:54:29Z" duration-ms="3014" status="PASS">
          <reporter-output>
          </reporter-output>
        </test-method> <!-- cardCreation1 -->
        <test-method signature="cardCreation2()[pri:2, instance:createcard_test.CardCreation_Test@28dcca0c]" started-at="2020-08-04T06:54:29Z" name="cardCreation2" finished-at="2020-08-04T06:54:32Z" duration-ms="2558" status="PASS">
          <reporter-output>
          </reporter-output>
        </test-method> <!-- cardCreation2 -->
        <test-method signature="cardCreation3()[pri:3, instance:createcard_test.CardCreation_Test@28dcca0c]" started-at="2020-08-04T06:54:32Z" name="cardCreation3" finished-at="2020-08-04T06:54:34Z" duration-ms="2521" status="PASS">
          <reporter-output>
          </reporter-output>
        </test-method> <!-- cardCreation3 -->
        <test-method signature="cardCreation()[pri:4, instance:createcard_test.CardCreation_Test@28dcca0c]" started-at="2020-08-04T06:54:34Z" name="cardCreation" finished-at="2020-08-04T06:54:39Z" duration-ms="4681" status="PASS">
          <reporter-output>
          </reporter-output>
        </test-method> <!-- cardCreation -->
      </class> <!-- createcard_test.CardCreation_Test -->
    </test> <!-- Card Creation -->
    <test started-at="2020-08-04T06:54:39Z" name="Validation of Card Creation" finished-at="2020-08-04T06:54:46Z" duration-ms="6950">
      <class name="createcard_test.CardValidation_Test">
        <test-method signature="CardValidate()[pri:0, instance:createcard_test.CardValidation_Test@72bc6553]" started-at="2020-08-04T06:54:39Z" name="CardValidate" finished-at="2020-08-04T06:54:46Z" duration-ms="6948" status="PASS">
          <reporter-output>
          </reporter-output>
        </test-method> <!-- CardValidate -->
      </class> <!-- createcard_test.CardValidation_Test -->
    </test> <!-- Validation of Card Creation -->
    <test started-at="2020-08-04T06:54:46Z" name="Card movement and Validation" finished-at="2020-08-04T06:55:13Z" duration-ms="26894">
      <class name="movecard_test.CardMove_Test">
        <test-method signature="CardMovement1()[pri:1, instance:movecard_test.CardMove_Test@6f01b95f]" started-at="2020-08-04T06:54:46Z" name="CardMovement1" finished-at="2020-08-04T06:54:54Z" duration-ms="8270" status="PASS">
          <reporter-output>
          </reporter-output>
        </test-method> <!-- CardMovement1 -->
        <test-method signature="CardMovementValidation1()[pri:2, instance:movecard_test.CardMove_Test@6f01b95f]" started-at="2020-08-04T06:54:54Z" name="CardMovementValidation1" finished-at="2020-08-04T06:54:54Z" duration-ms="234" status="PASS">
          <reporter-output>
          </reporter-output>
        </test-method> <!-- CardMovementValidation1 -->
        <test-method signature="CardMovement2()[pri:3, instance:movecard_test.CardMove_Test@6f01b95f]" started-at="2020-08-04T06:54:54Z" name="CardMovement2" finished-at="2020-08-04T06:55:01Z" duration-ms="6100" status="PASS">
          <reporter-output>
          </reporter-output>
        </test-method> <!-- CardMovement2 -->
        <test-method signature="CardMovementValidation2()[pri:4, instance:movecard_test.CardMove_Test@6f01b95f]" started-at="2020-08-04T06:55:01Z" name="CardMovementValidation2" finished-at="2020-08-04T06:55:01Z" duration-ms="224" status="PASS">
          <reporter-output>
          </reporter-output>
        </test-method> <!-- CardMovementValidation2 -->
        <test-method signature="CardMovement3()[pri:5, instance:movecard_test.CardMove_Test@6f01b95f]" started-at="2020-08-04T06:55:01Z" name="CardMovement3" finished-at="2020-08-04T06:55:08Z" duration-ms="7564" status="PASS">
          <reporter-output>
          </reporter-output>
        </test-method> <!-- CardMovement3 -->
        <test-method signature="CardMovementValidation3()[pri:6, instance:movecard_test.CardMove_Test@6f01b95f]" started-at="2020-08-04T06:55:08Z" name="CardMovementValidation3" finished-at="2020-08-04T06:55:13Z" duration-ms="4494" status="PASS">
          <reporter-output>
          </reporter-output>
        </test-method> <!-- CardMovementValidation3 -->
      </class> <!-- movecard_test.CardMove_Test -->
    </test> <!-- Card movement and Validation -->
    <test started-at="2020-08-04T06:55:13Z" name="Assign and Comment" finished-at="2020-08-04T06:55:32Z" duration-ms="18729">
      <class name="commentandassign_test.Assign_Test">
        <test-method signature="Assign_And_Comment()[pri:0, instance:commentandassign_test.Assign_Test@710636b0]" started-at="2020-08-04T06:55:13Z" name="Assign_And_Comment" finished-at="2020-08-04T06:55:32Z" duration-ms="18727" status="PASS">
          <reporter-output>
          </reporter-output>
        </test-method> <!-- Assign_And_Comment -->
      </class> <!-- commentandassign_test.Assign_Test -->
    </test> <!-- Assign and Comment -->
    <test started-at="2020-08-04T06:55:32Z" name="Log Off" finished-at="2020-08-04T06:55:33Z" duration-ms="1459">
      <class name="logout_test.LogOut_Test">
        <test-method signature="signoff()[pri:0, instance:logout_test.LogOut_Test@2a8448fa]" started-at="2020-08-04T06:55:32Z" name="signoff" finished-at="2020-08-04T06:55:32Z" duration-ms="243" status="FAIL">
          <exception class="java.lang.AssertionError">
            <message>
              <![CDATA[expected [The text of Logout is not as expected, Expected : Logout but actual:Log Out] but found [false]]]>
            </message>
            <full-stacktrace>
              <![CDATA[java.lang.AssertionError: expected [The text of Logout is not as expected, Expected : Logout but actual:Log Out] but found [false]
at org.testng.Assert.fail(Assert.java:96)
at org.testng.Assert.failNotEquals(Assert.java:776)
at org.testng.Assert.assertEqualsImpl(Assert.java:137)
at org.testng.Assert.assertEquals(Assert.java:118)
at org.testng.Assert.assertEquals(Assert.java:442)
at logout.LogOutClass.log(LogOutClass.java:42)
at logout_test.LogOut_Test.signoff(LogOut_Test.java:15)
at java.base/jdk.internal.reflect.NativeMethodAccessorImpl.invoke0(Native Method)
at java.base/jdk.internal.reflect.NativeMethodAccessorImpl.invoke(NativeMethodAccessorImpl.java:62)
at java.base/jdk.internal.reflect.DelegatingMethodAccessorImpl.invoke(DelegatingMethodAccessorImpl.java:43)
at java.base/java.lang.reflect.Method.invoke(Method.java:564)
at org.testng.internal.MethodInvocationHelper.invokeMethod(MethodInvocationHelper.java:124)
at org.testng.internal.Invoker.invokeMethod(Invoker.java:583)
at org.testng.internal.Invoker.invokeTestMethod(Invoker.java:719)
at org.testng.internal.Invoker.invokeTestMethods(Invoker.java:989)
at org.testng.internal.TestMethodWorker.invokeTestMethods(TestMethodWorker.java:125)
at org.testng.internal.TestMethodWorker.run(TestMethodWorker.java:109)
at org.testng.TestRunner.privateRun(TestRunner.java:648)
at org.testng.TestRunner.run(TestRunner.java:505)
at org.testng.SuiteRunner.runTest(SuiteRunner.java:455)
at org.testng.SuiteRunner.runSequentially(SuiteRunner.java:450)
at org.testng.SuiteRunner.privateRun(SuiteRunner.java:415)
at org.testng.SuiteRunner.run(SuiteRunner.java:364)
at org.testng.SuiteRunnerWorker.runSuite(SuiteRunnerWorker.java:52)
at org.testng.SuiteRunnerWorker.run(SuiteRunnerWorker.java:84)
at org.testng.TestNG.runSuitesSequentially(TestNG.java:1208)
at org.testng.TestNG.runSuitesLocally(TestNG.java:1137)
at org.testng.TestNG.runSuites(TestNG.java:1049)
at org.testng.TestNG.run(TestNG.java:1017)
at org.testng.remote.AbstractRemoteTestNG.run(AbstractRemoteTestNG.java:115)
at org.testng.remote.RemoteTestNG.initAndRun(RemoteTestNG.java:251)
at org.testng.remote.RemoteTestNG.main(RemoteTestNG.java:77)
]]>
            </full-stacktrace>
          </exception> <!-- java.lang.AssertionError -->
          <reporter-output>
          </reporter-output>
        </test-method> <!-- signoff -->
      </class> <!-- logout_test.LogOut_Test -->
    </test> <!-- Log Off -->
  </suite> <!-- Trello -->
</testng-results>
